!SESSION 2012-01-10 16:42:08.100 -----------------------------------------------
eclipse.buildId=unknown
java.version=1.6.0_29
java.vendor=Apple Inc.
BootLoader constants: OS=macosx, ARCH=x86_64, WS=cocoa, NL=en_US
Framework arguments:  -product tychodemo.bundle.product
Command-line arguments:  -product tychodemo.bundle.product -data /Users/Mike/Uni/ProB/GitHub/tychoTutorial/tycho-demo/exercises/Exercise_04_Add_P2_Repository/../runtime-tychodemo.product -dev file:/Users/Mike/Uni/ProB/GitHub/tychoTutorial/tycho-demo/exercises/Exercise_04_Add_P2_Repository/.metadata/.plugins/org.eclipse.pde.core/tychodemo.product/dev.properties -os macosx -ws cocoa -arch x86_64 -consoleLog

!ENTRY org.eclipse.equinox.app 0 0 2012-01-10 16:42:08.866
!MESSAGE Product tychodemo.bundle.product could not be found.

!ENTRY org.eclipse.osgi 4 0 2012-01-10 16:42:08.891
!MESSAGE Application error
!STACK 1
java.lang.RuntimeException: No application id has been found.
	at org.eclipse.equinox.internal.app.EclipseAppContainer.startDefaultApp(EclipseAppContainer.java:242)
	at org.eclipse.equinox.internal.app.MainApplicationLauncher.run(MainApplicationLauncher.java:29)
	at org.eclipse.core.runtime.internal.adaptor.EclipseAppLauncher.runApplication(EclipseAppLauncher.java:110)
	at org.eclipse.core.runtime.internal.adaptor.EclipseAppLauncher.start(EclipseAppLauncher.java:79)
	at org.eclipse.core.runtime.adaptor.EclipseStarter.run(EclipseStarter.java:344)
	at org.eclipse.core.runtime.adaptor.EclipseStarter.run(EclipseStarter.java:179)
	at sun.reflect.NativeMethodAccessorImpl.invoke0(Native Method)
	at sun.reflect.NativeMethodAccessorImpl.invoke(NativeMethodAccessorImpl.java:39)
	at sun.reflect.DelegatingMethodAccessorImpl.invoke(DelegatingMethodAccessorImpl.java:25)
	at java.lang.reflect.Method.invoke(Method.java:597)
	at org.eclipse.equinox.launcher.Main.invokeFramework(Main.java:622)
	at org.eclipse.equinox.launcher.Main.basicRun(Main.java:577)
	at org.eclipse.equinox.launcher.Main.run(Main.java:1410)
	at org.eclipse.equinox.launcher.Main.main(Main.java:1386)
